Release 14.7 - xst P.20131013 (lin64)
Copyright (c) 1995-2013 Xilinx, Inc.  All rights reserved.
--> 
Parameter TMPDIR set to xst/projnav.tmp


Total REAL time to Xst completion: 0.00 secs
Total CPU time to Xst completion: 0.03 secs
 
--> 
Parameter xsthdpdir set to xst


Total REAL time to Xst completion: 0.00 secs
Total CPU time to Xst completion: 0.03 secs
 
--> 
Reading design: sklop.prj

TABLE OF CONTENTS
  1) Synthesis Options Summary
  2) HDL Parsing
  3) HDL Elaboration
  4) HDL Synthesis
       4.1) HDL Synthesis Report
  5) Advanced HDL Synthesis
       5.1) Advanced HDL Synthesis Report
  6) Low Level Synthesis
  7) Partition Report
  8) Design Summary
       8.1) Primitive and Black Box Usage
       8.2) Device utilization summary
       8.3) Partition Resource Summary
       8.4) Timing Report
            8.4.1) Clock Information
            8.4.2) Asynchronous Control Signals Information
            8.4.3) Timing Summary
            8.4.4) Timing Details
            8.4.5) Cross Clock Domains Report


=========================================================================
*                      Synthesis Options Summary                        *
=========================================================================
---- Source Parameters
Input File Name                    : "sklop.prj"
Ignore Synthesis Constraint File   : NO

---- Target Parameters
Output File Name                   : "sklop"
Output Format                      : NGC
Target Device                      : xc6slx16-3-csg324

---- Source Options
Top Module Name                    : sklop
Automatic FSM Extraction           : YES
FSM Encoding Algorithm             : Auto
Safe Implementation                : No
FSM Style                          : LUT
RAM Extraction                     : Yes
RAM Style                          : Auto
ROM Extraction                     : Yes
Shift Register Extraction          : YES
ROM Style                          : Auto
Resource Sharing                   : YES
Asynchronous To Synchronous        : NO
Shift Register Minimum Size        : 2
Use DSP Block                      : Auto
Automatic Register Balancing       : No

---- Target Options
LUT Combining                      : Auto
Reduce Control Sets                : Auto
Add IO Buffers                     : YES
Global Maximum Fanout              : 100000
Add Generic Clock Buffer(BUFG)     : 16
Register Duplication               : YES
Optimize Instantiated Primitives   : NO
Use Clock Enable                   : Auto
Use Synchronous Set                : Auto
Use Synchronous Reset              : Auto
Pack IO Registers into IOBs        : Auto
Equivalent register Removal        : YES

---- General Options
Optimization Goal                  : Speed
Optimization Effort                : 1
Power Reduction                    : NO
Keep Hierarchy                     : No
Netlist Hierarchy                  : As_Optimized
RTL Output                         : Yes
Global Optimization                : AllClockNets
Read Cores                         : YES
Write Timing Constraints           : NO
Cross Clock Analysis               : NO
Hierarchy Separator                : /
Bus Delimiter                      : <>
Case Specifier                     : Maintain
Slice Utilization Ratio            : 100
BRAM Utilization Ratio             : 100
DSP48 Utilization Ratio            : 100
Auto BRAM Packing                  : NO
Slice Utilization Ratio Delta      : 5

=========================================================================


=========================================================================
*                          HDL Parsing                                  *
=========================================================================
Parsing VHDL file "/home/nikola/ZAD6_GRAY6/xor2.vhd" into library work
Parsing entity <xor2>.
Parsing architecture <Behavioral> of entity <xor2>.
Parsing VHDL file "/home/nikola/ZAD6_GRAY6/t_bist.vhd" into library work
Parsing entity <t_bist>.
Parsing architecture <Behavioral> of entity <t_bist>.
Parsing VHDL file "/home/nikola/ZAD6_GRAY6/freqDivGen.vhd" into library work
Parsing entity <freqDivGen>.
INFO:HDLCompiler:1676 - "/home/nikola/ZAD6_GRAY6/freqDivGen.vhd" Line 12. declaration of a buffer port will make it difficult for you to validate this design by simulation. It is preferable to declare it as output
Parsing architecture <Behavioral> of entity <freqdivgen>.
Parsing VHDL file "/home/nikola/ZAD6_GRAY6/sklop.vhd" into library work
Parsing entity <sklop>.
INFO:HDLCompiler:1676 - "/home/nikola/ZAD6_GRAY6/sklop.vhd" Line 9. declaration of a buffer port will make it difficult for you to validate this design by simulation. It is preferable to declare it as output
Parsing architecture <Behavioral> of entity <sklop>.
WARNING:HDLCompiler:439 - "/home/nikola/ZAD6_GRAY6/sklop.vhd" Line 28: Formal port y of mode out cannot be associated with actual port led of mode buffer
WARNING:HDLCompiler:439 - "/home/nikola/ZAD6_GRAY6/sklop.vhd" Line 29: Formal port y of mode out cannot be associated with actual port led of mode buffer
WARNING:HDLCompiler:439 - "/home/nikola/ZAD6_GRAY6/sklop.vhd" Line 30: Formal port y of mode out cannot be associated with actual port led of mode buffer
WARNING:HDLCompiler:439 - "/home/nikola/ZAD6_GRAY6/sklop.vhd" Line 31: Formal port y of mode out cannot be associated with actual port led of mode buffer
WARNING:HDLCompiler:439 - "/home/nikola/ZAD6_GRAY6/sklop.vhd" Line 32: Formal port y of mode out cannot be associated with actual port led of mode buffer

=========================================================================
*                            HDL Elaboration                            *
=========================================================================

Elaborating entity <sklop> (architecture <Behavioral>) from library <work>.

Elaborating entity <freqDivGen> (architecture <Behavioral>) with generics from library <work>.

Elaborating entity <t_bist> (architecture <Behavioral>) from library <work>.

Elaborating entity <xor2> (architecture <Behavioral>) from library <work>.

=========================================================================
*                           HDL Synthesis                               *
=========================================================================

Synthesizing Unit <sklop>.
    Related source file is "/home/nikola/ZAD6_GRAY6/sklop.vhd".
WARNING:Xst:647 - Input <rst> is never used. This port will be preserved and left unconnected if it belongs to a top-level block or it belongs to a sub-block and the hierarchy of this sub-block is preserved.
INFO:Xst:3210 - "/home/nikola/ZAD6_GRAY6/sklop.vhd" line 26: Output port <qn> of the instance <a6> is unconnected or connected to loadless signal.
    Summary:
	no macro.
Unit <sklop> synthesized.

Synthesizing Unit <freqDivGen>.
    Related source file is "/home/nikola/ZAD6_GRAY6/freqDivGen.vhd".
        nfCLK = 50000000
WARNING:Xst:2935 - Signal 'clk_o', unconnected in block 'freqDivGen', is tied to its initial value (0).
    Summary:
	no macro.
Unit <freqDivGen> synthesized.

Synthesizing Unit <t_bist>.
    Related source file is "/home/nikola/ZAD6_GRAY6/t_bist.vhd".
    Found 1-bit register for signal <temp>.
    Summary:
	inferred   1 D-type flip-flop(s).
Unit <t_bist> synthesized.

Synthesizing Unit <xor2>.
    Related source file is "/home/nikola/ZAD6_GRAY6/xor2.vhd".
    Summary:
Unit <xor2> synthesized.

=========================================================================
HDL Synthesis Report

Macro Statistics
# Registers                                            : 6
 1-bit register                                        : 6
# Xors                                                 : 5
 1-bit xor2                                            : 5

=========================================================================

=========================================================================
*                       Advanced HDL Synthesis                          *
=========================================================================

WARNING:Xst:1710 - FF/Latch <temp> (without init value) has a constant value of 0 in block <a1>. This FF/Latch will be trimmed during the optimization process.
WARNING:Xst:1710 - FF/Latch <temp> (without init value) has a constant value of 0 in block <a2>. This FF/Latch will be trimmed during the optimization process.
WARNING:Xst:1710 - FF/Latch <temp> (without init value) has a constant value of 0 in block <a3>. This FF/Latch will be trimmed during the optimization process.
WARNING:Xst:1710 - FF/Latch <temp> (without init value) has a constant value of 0 in block <a4>. This FF/Latch will be trimmed during the optimization process.
WARNING:Xst:1710 - FF/Latch <temp> (without init value) has a constant value of 0 in block <a5>. This FF/Latch will be trimmed during the optimization process.
WARNING:Xst:1710 - FF/Latch <temp> (without init value) has a constant value of 0 in block <a6>. This FF/Latch will be trimmed during the optimization process.
WARNING:Xst:1290 - Hierarchical block <a0> is unconnected in block <sklop>.
   It will be removed from the design.

=========================================================================
Advanced HDL Synthesis Report

Macro Statistics
# Registers                                            : 6
 Flip-Flops                                            : 6
# Xors                                                 : 5
 1-bit xor2                                            : 5

=========================================================================

=========================================================================
*                         Low Level Synthesis                           *
=========================================================================
WARNING:Xst:1710 - FF/Latch <a6/temp> (without init value) has a constant value of 0 in block <sklop>. This FF/Latch will be trimmed during the optimization process.
WARNING:Xst:1710 - FF/Latch <a5/temp> (without init value) has a constant value of 0 in block <sklop>. This FF/Latch will be trimmed during the optimization process.
WARNING:Xst:1710 - FF/Latch <a4/temp> (without init value) has a constant value of 0 in block <sklop>. This FF/Latch will be trimmed during the optimization process.
WARNING:Xst:1710 - FF/Latch <a3/temp> (without init value) has a constant value of 0 in block <sklop>. This FF/Latch will be trimmed during the optimization process.
WARNING:Xst:1710 - FF/Latch <a2/temp> (without init value) has a constant value of 0 in block <sklop>. This FF/Latch will be trimmed during the optimization process.
WARNING:Xst:1710 - FF/Latch <a1/temp> (without init value) has a constant value of 0 in block <sklop>. This FF/Latch will be trimmed during the optimization process.

Optimizing unit <sklop> ...

Mapping all equations...
Building and optimizing final netlist ...
Found area constraint ratio of 100 (+ 5) on block sklop, actual ratio is 0.

Final Macro Processing ...

=========================================================================
Final Register Report

Found no macro
=========================================================================

=========================================================================
*                           Partition Report                            *
=========================================================================

Partition Implementation Status
-------------------------------

  No Partitions were found in this design.

-------------------------------

=========================================================================
*                            Design Summary                             *
=========================================================================

Top Level Output File Name         : sklop.ngc

Primitive and Black Box Usage:
------------------------------
# BELS                             : 1
#      GND                         : 1
# IO Buffers                       : 6
#      OBUF                        : 6

Device utilization summary:
---------------------------

Selected Device : 6slx16csg324-3 


Slice Logic Utilization: 

Slice Logic Distribution: 
 Number of LUT Flip Flop pairs used:      0
   Number with an unused Flip Flop:       0  out of      0         
   Number with an unused LUT:             0  out of      0         
   Number of fully used LUT-FF pairs:     0  out of      0         
   Number of unique control sets:         0

IO Utilization: 
 Number of IOs:                           8
 Number of bonded IOBs:                   6  out of    232     2%  

Specific Feature Utilization:

---------------------------
Partition Resource Summary:
---------------------------

  No Partitions were found in this design.

---------------------------


=========================================================================
Timing Report

NOTE: THESE TIMING NUMBERS ARE ONLY A SYNTHESIS ESTIMATE.
      FOR ACCURATE TIMING INFORMATION PLEASE REFER TO THE TRACE REPORT
      GENERATED AFTER PLACE-and-ROUTE.

Clock Information:
------------------
No clock signals found in this design

Asynchronous Control Signals Information:
----------------------------------------
No asynchronous control signals found in this design

Timing Summary:
---------------
Speed Grade: -3

   Minimum period: No path found
   Minimum input arrival time before clock: No path found
   Maximum output required time after clock: No path found
   Maximum combinational path delay: No path found

Timing Details:
---------------
All values displayed in nanoseconds (ns)

=========================================================================

Cross Clock Domains Report:
--------------------------

=========================================================================


Total REAL time to Xst completion: 3.00 secs
Total CPU time to Xst completion: 3.57 secs
 
--> 


Total memory usage is 374560 kilobytes

Number of errors   :    0 (   0 filtered)
Number of warnings :   20 (   0 filtered)
Number of infos    :    1 (   0 filtered)

