Release 14.7 - xst P.20131013 (lin64)
Copyright (c) 1995-2013 Xilinx, Inc.  All rights reserved.
--> 
Parameter TMPDIR set to xst/projnav.tmp


Total REAL time to Xst completion: 0.00 secs
Total CPU time to Xst completion: 0.04 secs
 
--> 
Parameter xsthdpdir set to xst


Total REAL time to Xst completion: 0.00 secs
Total CPU time to Xst completion: 0.04 secs
 
--> 
Reading design: brojilo.prj

TABLE OF CONTENTS
  1) Synthesis Options Summary
  2) HDL Parsing
  3) HDL Elaboration
  4) HDL Synthesis
       4.1) HDL Synthesis Report
  5) Advanced HDL Synthesis
       5.1) Advanced HDL Synthesis Report
  6) Low Level Synthesis
  7) Partition Report
  8) Design Summary
       8.1) Primitive and Black Box Usage
       8.2) Device utilization summary
       8.3) Partition Resource Summary
       8.4) Timing Report
            8.4.1) Clock Information
            8.4.2) Asynchronous Control Signals Information
            8.4.3) Timing Summary
            8.4.4) Timing Details
            8.4.5) Cross Clock Domains Report


=========================================================================
*                      Synthesis Options Summary                        *
=========================================================================
---- Source Parameters
Input File Name                    : "brojilo.prj"
Ignore Synthesis Constraint File   : NO

---- Target Parameters
Output File Name                   : "brojilo"
Output Format                      : NGC
Target Device                      : xc6slx16-3-csg324

---- Source Options
Top Module Name                    : brojilo
Automatic FSM Extraction           : YES
FSM Encoding Algorithm             : Auto
Safe Implementation                : No
FSM Style                          : LUT
RAM Extraction                     : Yes
RAM Style                          : Auto
ROM Extraction                     : Yes
Shift Register Extraction          : YES
ROM Style                          : Auto
Resource Sharing                   : YES
Asynchronous To Synchronous        : NO
Shift Register Minimum Size        : 2
Use DSP Block                      : Auto
Automatic Register Balancing       : No

---- Target Options
LUT Combining                      : Auto
Reduce Control Sets                : Auto
Add IO Buffers                     : YES
Global Maximum Fanout              : 100000
Add Generic Clock Buffer(BUFG)     : 16
Register Duplication               : YES
Optimize Instantiated Primitives   : NO
Use Clock Enable                   : Auto
Use Synchronous Set                : Auto
Use Synchronous Reset              : Auto
Pack IO Registers into IOBs        : Auto
Equivalent register Removal        : YES

---- General Options
Optimization Goal                  : Speed
Optimization Effort                : 1
Power Reduction                    : NO
Keep Hierarchy                     : No
Netlist Hierarchy                  : As_Optimized
RTL Output                         : Yes
Global Optimization                : AllClockNets
Read Cores                         : YES
Write Timing Constraints           : NO
Cross Clock Analysis               : NO
Hierarchy Separator                : /
Bus Delimiter                      : <>
Case Specifier                     : Maintain
Slice Utilization Ratio            : 100
BRAM Utilization Ratio             : 100
DSP48 Utilization Ratio            : 100
Auto BRAM Packing                  : NO
Slice Utilization Ratio Delta      : 5

=========================================================================


=========================================================================
*                          HDL Parsing                                  *
=========================================================================
Parsing VHDL file "/home/nikola/ZAD7_OktalnoBrojilo/freqDivGen.vhd" into library work
Parsing entity <freqDivGen>.
INFO:HDLCompiler:1676 - "/home/nikola/ZAD7_OktalnoBrojilo/freqDivGen.vhd" Line 12. declaration of a buffer port will make it difficult for you to validate this design by simulation. It is preferable to declare it as output
Parsing architecture <Behavioral> of entity <freqdivgen>.
Parsing VHDL file "/home/nikola/ZAD7_OktalnoBrojilo/brojilo.vhd" into library work
Parsing entity <brojilo>.
INFO:HDLCompiler:1676 - "/home/nikola/ZAD7_OktalnoBrojilo/brojilo.vhd" Line 13. declaration of a buffer port will make it difficult for you to validate this design by simulation. It is preferable to declare it as output
Parsing architecture <Behavioral> of entity <brojilo>.

=========================================================================
*                            HDL Elaboration                            *
=========================================================================

Elaborating entity <brojilo> (architecture <Behavioral>) from library <work>.

Elaborating entity <freqDivGen> (architecture <Behavioral>) with generics from library <work>.

Elaborating entity <freqDivGen> (architecture <Behavioral>) with generics from library <work>.

Elaborating entity <freqDivGen> (architecture <Behavioral>) with generics from library <work>.
WARNING:HDLCompiler:92 - "/home/nikola/ZAD7_OktalnoBrojilo/brojilo.vhd" Line 45: ss should be on the sensitivity list of the process

=========================================================================
*                           HDL Synthesis                               *
=========================================================================

Synthesizing Unit <brojilo>.
    Related source file is "/home/nikola/ZAD7_OktalnoBrojilo/brojilo.vhd".
WARNING:Xst:647 - Input <ulaz> is never used. This port will be preserved and left unconnected if it belongs to a top-level block or it belongs to a sub-block and the hierarchy of this sub-block is preserved.
    Found 3-bit register for signal <temp>.
    Found 3-bit adder for signal <temp[2]_GND_5_o_add_2_OUT> created at line 46.
    Found 4x4-bit Read Only RAM for signal <pok>
    Found 8x7-bit Read Only RAM for signal <seg>
    Found 1-bit 3-to-1 multiplexer for signal <clk_o> created at line 28.
    Summary:
	inferred   2 RAM(s).
	inferred   1 Adder/Subtractor(s).
	inferred   3 D-type flip-flop(s).
	inferred   1 Multiplexer(s).
Unit <brojilo> synthesized.

Synthesizing Unit <freqDivGen_1>.
    Related source file is "/home/nikola/ZAD7_OktalnoBrojilo/freqDivGen.vhd".
        nfCLK = 12500000
WARNING:Xst:653 - Signal <clk_o> is used but never assigned. This sourceless signal will be automatically connected to value GND.
    Summary:
	no macro.
Unit <freqDivGen_1> synthesized.

Synthesizing Unit <freqDivGen_2>.
    Related source file is "/home/nikola/ZAD7_OktalnoBrojilo/freqDivGen.vhd".
        nfCLK = 2
WARNING:Xst:653 - Signal <clk_o> is used but never assigned. This sourceless signal will be automatically connected to value GND.
    Summary:
	no macro.
Unit <freqDivGen_2> synthesized.

Synthesizing Unit <freqDivGen_3>.
    Related source file is "/home/nikola/ZAD7_OktalnoBrojilo/freqDivGen.vhd".
        nfCLK = 4
WARNING:Xst:653 - Signal <clk_o> is used but never assigned. This sourceless signal will be automatically connected to value GND.
    Summary:
	no macro.
Unit <freqDivGen_3> synthesized.

=========================================================================
HDL Synthesis Report

Macro Statistics
# RAMs                                                 : 2
 4x4-bit single-port Read Only RAM                     : 1
 8x7-bit single-port Read Only RAM                     : 1
# Adders/Subtractors                                   : 1
 3-bit adder                                           : 1
# Registers                                            : 1
 3-bit register                                        : 1
# Multiplexers                                         : 1
 1-bit 3-to-1 multiplexer                              : 1

=========================================================================

=========================================================================
*                       Advanced HDL Synthesis                          *
=========================================================================


Synthesizing (advanced) Unit <brojilo>.
The following registers are absorbed into counter <temp>: 1 register on signal <temp>.
INFO:Xst:3218 - HDL ADVISOR - The RAM <Mram_pok> will be implemented on LUTs either because you have described an asynchronous read or because of currently unsupported block RAM features. If you have described an asynchronous read, making it synchronous would allow you to take advantage of available block RAM resources, for optimized device usage and improved timings. Please refer to your documentation for coding guidelines.
    -----------------------------------------------------------------------
    | ram_type           | Distributed                         |          |
    -----------------------------------------------------------------------
    | Port A                                                              |
    |     aspect ratio   | 4-word x 4-bit                      |          |
    |     weA            | connected to signal <GND>           | high     |
    |     addrA          | connected to signal <pokSel>        |          |
    |     diA            | connected to signal <GND>           |          |
    |     doA            | connected to signal <pok>           |          |
    -----------------------------------------------------------------------
INFO:Xst:3218 - HDL ADVISOR - The RAM <Mram_seg> will be implemented on LUTs either because you have described an asynchronous read or because of currently unsupported block RAM features. If you have described an asynchronous read, making it synchronous would allow you to take advantage of available block RAM resources, for optimized device usage and improved timings. Please refer to your documentation for coding guidelines.
    -----------------------------------------------------------------------
    | ram_type           | Distributed                         |          |
    -----------------------------------------------------------------------
    | Port A                                                              |
    |     aspect ratio   | 8-word x 7-bit                      |          |
    |     weA            | connected to signal <GND>           | high     |
    |     addrA          | connected to signal <temp>          |          |
    |     diA            | connected to signal <GND>           |          |
    |     doA            | connected to signal <seg>           |          |
    -----------------------------------------------------------------------
Unit <brojilo> synthesized (advanced).

=========================================================================
Advanced HDL Synthesis Report

Macro Statistics
# RAMs                                                 : 2
 4x4-bit single-port distributed Read Only RAM         : 1
 8x7-bit single-port distributed Read Only RAM         : 1
# Counters                                             : 1
 3-bit up counter                                      : 1
# Multiplexers                                         : 1
 1-bit 3-to-1 multiplexer                              : 1

=========================================================================

=========================================================================
*                         Low Level Synthesis                           *
=========================================================================
WARNING:Xst:1710 - FF/Latch <temp_0> (without init value) has a constant value of 0 in block <brojilo>. This FF/Latch will be trimmed during the optimization process.
WARNING:Xst:1895 - Due to other FF/Latch trimming, FF/Latch <temp_1> (without init value) has a constant value of 0 in block <brojilo>. This FF/Latch will be trimmed during the optimization process.
WARNING:Xst:1895 - Due to other FF/Latch trimming, FF/Latch <temp_2> (without init value) has a constant value of 0 in block <brojilo>. This FF/Latch will be trimmed during the optimization process.

Optimizing unit <brojilo> ...

Mapping all equations...
Building and optimizing final netlist ...
Found area constraint ratio of 100 (+ 5) on block brojilo, actual ratio is 0.

Final Macro Processing ...

=========================================================================
Final Register Report

Found no macro
=========================================================================

=========================================================================
*                           Partition Report                            *
=========================================================================

Partition Implementation Status
-------------------------------

  No Partitions were found in this design.

-------------------------------

=========================================================================
*                            Design Summary                             *
=========================================================================

Top Level Output File Name         : brojilo.ngc

Primitive and Black Box Usage:
------------------------------
# BELS                             : 5
#      GND                         : 1
#      INV                         : 1
#      LUT2                        : 2
#      VCC                         : 1
# IO Buffers                       : 16
#      IBUF                        : 2
#      OBUF                        : 14

Device utilization summary:
---------------------------

Selected Device : 6slx16csg324-3 


Slice Logic Utilization: 
 Number of Slice LUTs:                    3  out of   9112     0%  
    Number used as Logic:                 3  out of   9112     0%  

Slice Logic Distribution: 
 Number of LUT Flip Flop pairs used:      3
   Number with an unused Flip Flop:       3  out of      3   100%  
   Number with an unused LUT:             0  out of      3     0%  
   Number of fully used LUT-FF pairs:     0  out of      3     0%  
   Number of unique control sets:         0

IO Utilization: 
 Number of IOs:                          24
 Number of bonded IOBs:                  16  out of    232     6%  

Specific Feature Utilization:

---------------------------
Partition Resource Summary:
---------------------------

  No Partitions were found in this design.

---------------------------


=========================================================================
Timing Report

NOTE: THESE TIMING NUMBERS ARE ONLY A SYNTHESIS ESTIMATE.
      FOR ACCURATE TIMING INFORMATION PLEASE REFER TO THE TRACE REPORT
      GENERATED AFTER PLACE-and-ROUTE.

Clock Information:
------------------
No clock signals found in this design

Asynchronous Control Signals Information:
----------------------------------------
No asynchronous control signals found in this design

Timing Summary:
---------------
Speed Grade: -3

   Minimum period: No path found
   Minimum input arrival time before clock: No path found
   Maximum output required time after clock: No path found
   Maximum combinational path delay: 5.296ns

Timing Details:
---------------
All values displayed in nanoseconds (ns)

=========================================================================
Timing constraint: Default path analysis
  Total number of paths / destination ports: 5 / 3
-------------------------------------------------------------------------
Delay:               5.296ns (Levels of Logic = 3)
  Source:            pokSel<0> (PAD)
  Destination:       pok<3> (PAD)

  Data Path: pokSel<0> to pok<3>
                                Gate     Net
    Cell:in->out      fanout   Delay   Delay  Logical Name (Net Name)
    ----------------------------------------  ------------
     IBUF:I->O             2   1.222   0.721  pokSel_0_IBUF (pokSel_0_IBUF)
     LUT2:I0->O            1   0.203   0.579  Mram_pok111 (pok_1_OBUF)
     OBUF:I->O                 2.571          pok_1_OBUF (pok<1>)
    ----------------------------------------
    Total                      5.296ns (3.996ns logic, 1.300ns route)
                                       (75.5% logic, 24.5% route)

=========================================================================

Cross Clock Domains Report:
--------------------------

=========================================================================


Total REAL time to Xst completion: 3.00 secs
Total CPU time to Xst completion: 3.57 secs
 
--> 


Total memory usage is 375408 kilobytes

Number of errors   :    0 (   0 filtered)
Number of warnings :    8 (   0 filtered)
Number of infos    :    2 (   0 filtered)

