Release 14.7 - xst P.20131013 (lin64)
Copyright (c) 1995-2013 Xilinx, Inc.  All rights reserved.
--> 
Parameter TMPDIR set to xst/projnav.tmp


Total REAL time to Xst completion: 0.00 secs
Total CPU time to Xst completion: 0.03 secs
 
--> 
Parameter xsthdpdir set to xst


Total REAL time to Xst completion: 0.00 secs
Total CPU time to Xst completion: 0.03 secs
 
--> 
Reading design: sklop.prj

TABLE OF CONTENTS
  1) Synthesis Options Summary
  2) HDL Parsing
  3) HDL Elaboration
  4) HDL Synthesis
       4.1) HDL Synthesis Report
  5) Advanced HDL Synthesis
       5.1) Advanced HDL Synthesis Report
  6) Low Level Synthesis
  7) Partition Report
  8) Design Summary
       8.1) Primitive and Black Box Usage
       8.2) Device utilization summary
       8.3) Partition Resource Summary
       8.4) Timing Report
            8.4.1) Clock Information
            8.4.2) Asynchronous Control Signals Information
            8.4.3) Timing Summary
            8.4.4) Timing Details
            8.4.5) Cross Clock Domains Report


=========================================================================
*                      Synthesis Options Summary                        *
=========================================================================
---- Source Parameters
Input File Name                    : "sklop.prj"
Ignore Synthesis Constraint File   : NO

---- Target Parameters
Output File Name                   : "sklop"
Output Format                      : NGC
Target Device                      : xc6slx16-3-csg324

---- Source Options
Top Module Name                    : sklop
Automatic FSM Extraction           : YES
FSM Encoding Algorithm             : Auto
Safe Implementation                : No
FSM Style                          : LUT
RAM Extraction                     : Yes
RAM Style                          : Auto
ROM Extraction                     : Yes
Shift Register Extraction          : YES
ROM Style                          : Auto
Resource Sharing                   : YES
Asynchronous To Synchronous        : NO
Shift Register Minimum Size        : 2
Use DSP Block                      : Auto
Automatic Register Balancing       : No

---- Target Options
LUT Combining                      : Auto
Reduce Control Sets                : Auto
Add IO Buffers                     : YES
Global Maximum Fanout              : 100000
Add Generic Clock Buffer(BUFG)     : 16
Register Duplication               : YES
Optimize Instantiated Primitives   : NO
Use Clock Enable                   : Auto
Use Synchronous Set                : Auto
Use Synchronous Reset              : Auto
Pack IO Registers into IOBs        : Auto
Equivalent register Removal        : YES

---- General Options
Optimization Goal                  : Speed
Optimization Effort                : 1
Power Reduction                    : NO
Keep Hierarchy                     : No
Netlist Hierarchy                  : As_Optimized
RTL Output                         : Yes
Global Optimization                : AllClockNets
Read Cores                         : YES
Write Timing Constraints           : NO
Cross Clock Analysis               : NO
Hierarchy Separator                : /
Bus Delimiter                      : <>
Case Specifier                     : Maintain
Slice Utilization Ratio            : 100
BRAM Utilization Ratio             : 100
DSP48 Utilization Ratio            : 100
Auto BRAM Packing                  : NO
Slice Utilization Ratio Delta      : 5

=========================================================================


=========================================================================
*                          HDL Parsing                                  *
=========================================================================
Parsing VHDL file "/home/nikola/ZAD3_BCDtoBin/freqDivGen.vhd" into library work
Parsing entity <freqDivGen>.
INFO:HDLCompiler:1676 - "/home/nikola/ZAD3_BCDtoBin/freqDivGen.vhd" Line 12. declaration of a buffer port will make it difficult for you to validate this design by simulation. It is preferable to declare it as output
Parsing architecture <Behavioral> of entity <freqdivgen>.
Parsing VHDL file "/home/nikola/ZAD3_BCDtoBin/sklop.vhd" into library work
Parsing entity <sklop>.
INFO:HDLCompiler:1676 - "/home/nikola/ZAD3_BCDtoBin/sklop.vhd" Line 11. declaration of a buffer port will make it difficult for you to validate this design by simulation. It is preferable to declare it as output
Parsing architecture <Behavioral> of entity <sklop>.

=========================================================================
*                            HDL Elaboration                            *
=========================================================================

Elaborating entity <sklop> (architecture <Behavioral>) from library <work>.

Elaborating entity <freqDivGen> (architecture <Behavioral>) with generics from library <work>.

=========================================================================
*                           HDL Synthesis                               *
=========================================================================

Synthesizing Unit <sklop>.
    Related source file is "/home/nikola/ZAD3_BCDtoBin/sklop.vhd".
WARNING:Xst:647 - Input <pok> is never used. This port will be preserved and left unconnected if it belongs to a top-level block or it belongs to a sub-block and the hierarchy of this sub-block is preserved.
    Found 8-bit register for signal <led>.
    Found 8-bit adder for signal <ulaz1[3]_GND_5_o_add_3_OUT> created at line 31.
    Found 4x4-bit multiplier for signal <n0018> created at line 31.
    Found 4-bit comparator lessequal for signal <n0000> created at line 28
    Found 4-bit comparator lessequal for signal <n0002> created at line 28
    Summary:
	inferred   1 Multiplier(s).
	inferred   1 Adder/Subtractor(s).
	inferred   8 D-type flip-flop(s).
	inferred   2 Comparator(s).
	inferred   1 Multiplexer(s).
Unit <sklop> synthesized.

Synthesizing Unit <freqDivGen>.
    Related source file is "/home/nikola/ZAD3_BCDtoBin/freqDivGen.vhd".
        nfCLK = 100000000
    Found 1-bit register for signal <clk_o>.
    Found 26-bit register for signal <temp>.
    Found 26-bit adder for signal <temp[25]_GND_6_o_add_0_OUT> created at line 23.
    Found 26-bit comparator greater for signal <n0001> created at line 24
    Summary:
	inferred   1 Adder/Subtractor(s).
	inferred  27 D-type flip-flop(s).
	inferred   1 Comparator(s).
Unit <freqDivGen> synthesized.

=========================================================================
HDL Synthesis Report

Macro Statistics
# Multipliers                                          : 1
 4x4-bit multiplier                                    : 1
# Adders/Subtractors                                   : 2
 26-bit adder                                          : 1
 8-bit adder                                           : 1
# Registers                                            : 3
 1-bit register                                        : 1
 26-bit register                                       : 1
 8-bit register                                        : 1
# Comparators                                          : 3
 26-bit comparator greater                             : 1
 4-bit comparator lessequal                            : 2
# Multiplexers                                         : 1
 8-bit 2-to-1 multiplexer                              : 1

=========================================================================

=========================================================================
*                       Advanced HDL Synthesis                          *
=========================================================================


Synthesizing (advanced) Unit <freqDivGen>.
The following registers are absorbed into counter <temp>: 1 register on signal <temp>.
Unit <freqDivGen> synthesized (advanced).

Synthesizing (advanced) Unit <sklop>.
	Multiplier <Mmult_n0018> in block <sklop> and adder/subtractor <Madd_ulaz1[3]_GND_5_o_add_3_OUT> in block <sklop> are combined into a MAC<Maddsub_n0018>.
Unit <sklop> synthesized (advanced).

=========================================================================
Advanced HDL Synthesis Report

Macro Statistics
# MACs                                                 : 1
 4x4-to-8-bit MAC                                      : 1
# Adders/Subtractors                                   : 1
 26-bit adder                                          : 1
# Counters                                             : 1
 26-bit up counter                                     : 1
# Registers                                            : 9
 Flip-Flops                                            : 9
# Comparators                                          : 3
 26-bit comparator greater                             : 1
 4-bit comparator lessequal                            : 2
# Multiplexers                                         : 1
 8-bit 2-to-1 multiplexer                              : 1

=========================================================================

=========================================================================
*                         Low Level Synthesis                           *
=========================================================================

Optimizing unit <sklop> ...

Mapping all equations...
Building and optimizing final netlist ...
Found area constraint ratio of 100 (+ 5) on block sklop, actual ratio is 0.

Final Macro Processing ...

=========================================================================
Final Register Report

Macro Statistics
# Registers                                            : 35
 Flip-Flops                                            : 35

=========================================================================

=========================================================================
*                           Partition Report                            *
=========================================================================

Partition Implementation Status
-------------------------------

  No Partitions were found in this design.

-------------------------------

=========================================================================
*                            Design Summary                             *
=========================================================================

Top Level Output File Name         : sklop.ngc

Primitive and Black Box Usage:
------------------------------
# BELS                             : 209
#      GND                         : 1
#      INV                         : 2
#      LUT1                        : 52
#      LUT2                        : 30
#      LUT3                        : 3
#      LUT4                        : 2
#      LUT5                        : 6
#      LUT6                        : 8
#      MUXCY                       : 54
#      MUXF7                       : 1
#      VCC                         : 1
#      XORCY                       : 49
# FlipFlops/Latches                : 35
#      FD                          : 26
#      FDC                         : 8
#      FDE                         : 1
# Clock Buffers                    : 1
#      BUFGP                       : 1
# IO Buffers                       : 17
#      IBUF                        : 9
#      OBUF                        : 8

Device utilization summary:
---------------------------

Selected Device : 6slx16csg324-3 


Slice Logic Utilization: 
 Number of Slice Registers:              27  out of  18224     0%  
 Number of Slice LUTs:                  103  out of   9112     1%  
    Number used as Logic:               103  out of   9112     1%  

Slice Logic Distribution: 
 Number of LUT Flip Flop pairs used:    103
   Number with an unused Flip Flop:      76  out of    103    73%  
   Number with an unused LUT:             0  out of    103     0%  
   Number of fully used LUT-FF pairs:    27  out of    103    26%  
   Number of unique control sets:         3

IO Utilization: 
 Number of IOs:                          22
 Number of bonded IOBs:                  18  out of    232     7%  
    IOB Flip Flops/Latches:               8

Specific Feature Utilization:
 Number of BUFG/BUFGCTRLs:                1  out of     16     6%  

---------------------------
Partition Resource Summary:
---------------------------

  No Partitions were found in this design.

---------------------------


=========================================================================
Timing Report

NOTE: THESE TIMING NUMBERS ARE ONLY A SYNTHESIS ESTIMATE.
      FOR ACCURATE TIMING INFORMATION PLEASE REFER TO THE TRACE REPORT
      GENERATED AFTER PLACE-and-ROUTE.

Clock Information:
------------------
-----------------------------------+------------------------+-------+
Clock Signal                       | Clock buffer(FF name)  | Load  |
-----------------------------------+------------------------+-------+
s1/clk_o                           | NONE(led_0)            | 8     |
clk                                | BUFGP                  | 27    |
-----------------------------------+------------------------+-------+
INFO:Xst:2169 - HDL ADVISOR - Some clock signals were not automatically buffered by XST with BUFG/BUFR resources. Please use the buffer_type constraint in order to insert these buffers to the clock signals to help prevent skew problems.

Asynchronous Control Signals Information:
----------------------------------------
No asynchronous control signals found in this design

Timing Summary:
---------------
Speed Grade: -3

   Minimum period: 5.325ns (Maximum Frequency: 187.799MHz)
   Minimum input arrival time before clock: 4.738ns
   Maximum output required time after clock: 3.597ns
   Maximum combinational path delay: No path found

Timing Details:
---------------
All values displayed in nanoseconds (ns)

=========================================================================
Timing constraint: Default period analysis for Clock 'clk'
  Clock period: 5.325ns (frequency: 187.799MHz)
  Total number of paths / destination ports: 10477 / 28
-------------------------------------------------------------------------
Delay:               5.325ns (Levels of Logic = 22)
  Source:            s1/temp_0 (FF)
  Destination:       s1/temp_0 (FF)
  Source Clock:      clk rising
  Destination Clock: clk rising

  Data Path: s1/temp_0 to s1/temp_0
                                Gate     Net
    Cell:in->out      fanout   Delay   Delay  Logical Name (Net Name)
    ----------------------------------------  ------------
     FD:C->Q               2   0.447   0.616  s1/temp_0 (s1/temp_0)
     INV:I->O              1   0.206   0.000  s1/Madd_temp[25]_GND_6_o_add_0_OUT_lut<0>_INV_0 (s1/Madd_temp[25]_GND_6_o_add_0_OUT_lut<0>)
     MUXCY:S->O            1   0.172   0.000  s1/Madd_temp[25]_GND_6_o_add_0_OUT_cy<0> (s1/Madd_temp[25]_GND_6_o_add_0_OUT_cy<0>)
     MUXCY:CI->O           1   0.019   0.000  s1/Madd_temp[25]_GND_6_o_add_0_OUT_cy<1> (s1/Madd_temp[25]_GND_6_o_add_0_OUT_cy<1>)
     MUXCY:CI->O           1   0.019   0.000  s1/Madd_temp[25]_GND_6_o_add_0_OUT_cy<2> (s1/Madd_temp[25]_GND_6_o_add_0_OUT_cy<2>)
     MUXCY:CI->O           1   0.019   0.000  s1/Madd_temp[25]_GND_6_o_add_0_OUT_cy<3> (s1/Madd_temp[25]_GND_6_o_add_0_OUT_cy<3>)
     MUXCY:CI->O           1   0.019   0.000  s1/Madd_temp[25]_GND_6_o_add_0_OUT_cy<4> (s1/Madd_temp[25]_GND_6_o_add_0_OUT_cy<4>)
     MUXCY:CI->O           1   0.019   0.000  s1/Madd_temp[25]_GND_6_o_add_0_OUT_cy<5> (s1/Madd_temp[25]_GND_6_o_add_0_OUT_cy<5>)
     MUXCY:CI->O           1   0.019   0.000  s1/Madd_temp[25]_GND_6_o_add_0_OUT_cy<6> (s1/Madd_temp[25]_GND_6_o_add_0_OUT_cy<6>)
     MUXCY:CI->O           1   0.019   0.000  s1/Madd_temp[25]_GND_6_o_add_0_OUT_cy<7> (s1/Madd_temp[25]_GND_6_o_add_0_OUT_cy<7>)
     MUXCY:CI->O           1   0.019   0.000  s1/Madd_temp[25]_GND_6_o_add_0_OUT_cy<8> (s1/Madd_temp[25]_GND_6_o_add_0_OUT_cy<8>)
     MUXCY:CI->O           1   0.019   0.000  s1/Madd_temp[25]_GND_6_o_add_0_OUT_cy<9> (s1/Madd_temp[25]_GND_6_o_add_0_OUT_cy<9>)
     MUXCY:CI->O           1   0.019   0.000  s1/Madd_temp[25]_GND_6_o_add_0_OUT_cy<10> (s1/Madd_temp[25]_GND_6_o_add_0_OUT_cy<10>)
     MUXCY:CI->O           1   0.019   0.000  s1/Madd_temp[25]_GND_6_o_add_0_OUT_cy<11> (s1/Madd_temp[25]_GND_6_o_add_0_OUT_cy<11>)
     MUXCY:CI->O           1   0.019   0.000  s1/Madd_temp[25]_GND_6_o_add_0_OUT_cy<12> (s1/Madd_temp[25]_GND_6_o_add_0_OUT_cy<12>)
     MUXCY:CI->O           1   0.019   0.000  s1/Madd_temp[25]_GND_6_o_add_0_OUT_cy<13> (s1/Madd_temp[25]_GND_6_o_add_0_OUT_cy<13>)
     MUXCY:CI->O           1   0.019   0.000  s1/Madd_temp[25]_GND_6_o_add_0_OUT_cy<14> (s1/Madd_temp[25]_GND_6_o_add_0_OUT_cy<14>)
     MUXCY:CI->O           1   0.019   0.000  s1/Madd_temp[25]_GND_6_o_add_0_OUT_cy<15> (s1/Madd_temp[25]_GND_6_o_add_0_OUT_cy<15>)
     MUXCY:CI->O           1   0.019   0.000  s1/Madd_temp[25]_GND_6_o_add_0_OUT_cy<16> (s1/Madd_temp[25]_GND_6_o_add_0_OUT_cy<16>)
     XORCY:CI->O           3   0.180   0.879  s1/Madd_temp[25]_GND_6_o_add_0_OUT_xor<17> (s1/temp[25]_GND_6_o_add_0_OUT<17>)
     LUT3:I0->O            2   0.205   0.845  s1/n0001_inv3_SW0 (N8)
     LUT6:I3->O           14   0.205   0.958  s1/n0001_inv4 (s1/n0001_inv)
     LUT2:I1->O            1   0.205   0.000  s1/temp_0_rstpot (s1/temp_0_rstpot)
     FD:D                      0.102          s1/temp_0
    ----------------------------------------
    Total                      5.325ns (2.026ns logic, 3.299ns route)
                                       (38.0% logic, 62.0% route)

=========================================================================
Timing constraint: Default OFFSET IN BEFORE for Clock 's1/clk_o'
  Total number of paths / destination ports: 163 / 16
-------------------------------------------------------------------------
Offset:              4.738ns (Levels of Logic = 6)
  Source:            ulaz1<0> (PAD)
  Destination:       led_5 (FF)
  Destination Clock: s1/clk_o rising

  Data Path: ulaz1<0> to led_5
                                Gate     Net
    Cell:in->out      fanout   Delay   Delay  Logical Name (Net Name)
    ----------------------------------------  ------------
     IBUF:I->O             5   1.222   0.819  ulaz1_0_IBUF (ulaz1_0_IBUF)
     LUT2:I0->O            1   0.203   0.000  Maddsub_n0018_Madd1_lut<3> (Maddsub_n0018_Madd1_lut<3>)
     MUXCY:S->O            1   0.172   0.000  Maddsub_n0018_Madd1_cy<3> (Maddsub_n0018_Madd1_cy<3>)
     XORCY:CI->O           2   0.180   0.981  Maddsub_n0018_Madd1_xor<4> (Maddsub_n0018_4)
     LUT6:I0->O            3   0.203   0.651  Maddsub_n0018_Madd_cy<4>11 (Maddsub_n0018_Madd_cy<4>)
     LUT3:I2->O            1   0.205   0.000  Mmux_ulaz1[3]_GND_5_o_mux_4_OUT61 (ulaz1[3]_GND_5_o_mux_4_OUT<5>)
     FDC:D                     0.102          led_5
    ----------------------------------------
    Total                      4.738ns (2.287ns logic, 2.451ns route)
                                       (48.3% logic, 51.7% route)

=========================================================================
Timing constraint: Default OFFSET OUT AFTER for Clock 's1/clk_o'
  Total number of paths / destination ports: 8 / 8
-------------------------------------------------------------------------
Offset:              3.597ns (Levels of Logic = 1)
  Source:            led_7 (FF)
  Destination:       led<7> (PAD)
  Source Clock:      s1/clk_o rising

  Data Path: led_7 to led<7>
                                Gate     Net
    Cell:in->out      fanout   Delay   Delay  Logical Name (Net Name)
    ----------------------------------------  ------------
     FDC:C->Q              1   0.447   0.579  led_7 (led_7)
     OBUF:I->O                 2.571          led_7_OBUF (led<7>)
    ----------------------------------------
    Total                      3.597ns (3.018ns logic, 0.579ns route)
                                       (83.9% logic, 16.1% route)

=========================================================================

Cross Clock Domains Report:
--------------------------

Clock to Setup on destination clock clk
---------------+---------+---------+---------+---------+
               | Src:Rise| Src:Fall| Src:Rise| Src:Fall|
Source Clock   |Dest:Rise|Dest:Rise|Dest:Fall|Dest:Fall|
---------------+---------+---------+---------+---------+
clk            |    5.325|         |         |         |
---------------+---------+---------+---------+---------+

=========================================================================


Total REAL time to Xst completion: 4.00 secs
Total CPU time to Xst completion: 3.63 secs
 
--> 


Total memory usage is 374720 kilobytes

Number of errors   :    0 (   0 filtered)
Number of warnings :    1 (   0 filtered)
Number of infos    :    1 (   0 filtered)

