Release 14.7 - xst P.20131013 (lin64)
Copyright (c) 1995-2013 Xilinx, Inc.  All rights reserved.
--> 
Parameter TMPDIR set to xst/projnav.tmp


Total REAL time to Xst completion: 0.00 secs
Total CPU time to Xst completion: 0.02 secs
 
--> 
Parameter xsthdpdir set to xst


Total REAL time to Xst completion: 0.00 secs
Total CPU time to Xst completion: 0.02 secs
 
--> 
Reading design: sklop.prj

TABLE OF CONTENTS
  1) Synthesis Options Summary
  2) HDL Parsing
  3) HDL Elaboration
  4) HDL Synthesis
       4.1) HDL Synthesis Report
  5) Advanced HDL Synthesis
       5.1) Advanced HDL Synthesis Report
  6) Low Level Synthesis
  7) Partition Report
  8) Design Summary
       8.1) Primitive and Black Box Usage
       8.2) Device utilization summary
       8.3) Partition Resource Summary
       8.4) Timing Report
            8.4.1) Clock Information
            8.4.2) Asynchronous Control Signals Information
            8.4.3) Timing Summary
            8.4.4) Timing Details
            8.4.5) Cross Clock Domains Report


=========================================================================
*                      Synthesis Options Summary                        *
=========================================================================
---- Source Parameters
Input File Name                    : "sklop.prj"
Ignore Synthesis Constraint File   : NO

---- Target Parameters
Output File Name                   : "sklop"
Output Format                      : NGC
Target Device                      : xc6slx16-3-csg324

---- Source Options
Top Module Name                    : sklop
Automatic FSM Extraction           : YES
FSM Encoding Algorithm             : Auto
Safe Implementation                : No
FSM Style                          : LUT
RAM Extraction                     : Yes
RAM Style                          : Auto
ROM Extraction                     : Yes
Shift Register Extraction          : YES
ROM Style                          : Auto
Resource Sharing                   : YES
Asynchronous To Synchronous        : NO
Shift Register Minimum Size        : 2
Use DSP Block                      : Auto
Automatic Register Balancing       : No

---- Target Options
LUT Combining                      : Auto
Reduce Control Sets                : Auto
Add IO Buffers                     : YES
Global Maximum Fanout              : 100000
Add Generic Clock Buffer(BUFG)     : 16
Register Duplication               : YES
Optimize Instantiated Primitives   : NO
Use Clock Enable                   : Auto
Use Synchronous Set                : Auto
Use Synchronous Reset              : Auto
Pack IO Registers into IOBs        : Auto
Equivalent register Removal        : YES

---- General Options
Optimization Goal                  : Speed
Optimization Effort                : 1
Power Reduction                    : NO
Keep Hierarchy                     : No
Netlist Hierarchy                  : As_Optimized
RTL Output                         : Yes
Global Optimization                : AllClockNets
Read Cores                         : YES
Write Timing Constraints           : NO
Cross Clock Analysis               : NO
Hierarchy Separator                : /
Bus Delimiter                      : <>
Case Specifier                     : Maintain
Slice Utilization Ratio            : 100
BRAM Utilization Ratio             : 100
DSP48 Utilization Ratio            : 100
Auto BRAM Packing                  : NO
Slice Utilization Ratio Delta      : 5

=========================================================================


=========================================================================
*                          HDL Parsing                                  *
=========================================================================
Parsing VHDL file "/home/nikola/ZAD11_DvaJohnsonna/freqDivGen.vhd" into library work
Parsing entity <freqDivGen>.
INFO:HDLCompiler:1676 - "/home/nikola/ZAD11_DvaJohnsonna/freqDivGen.vhd" Line 13. declaration of a buffer port will make it difficult for you to validate this design by simulation. It is preferable to declare it as output
Parsing architecture <Behavioral> of entity <freqdivgen>.
Parsing VHDL file "/home/nikola/ZAD11_DvaJohnsonna/sklop.vhd" into library work
Parsing entity <sklop>.
INFO:HDLCompiler:1676 - "/home/nikola/ZAD11_DvaJohnsonna/sklop.vhd" Line 10. declaration of a buffer port will make it difficult for you to validate this design by simulation. It is preferable to declare it as output
Parsing architecture <Behavioral> of entity <sklop>.

=========================================================================
*                            HDL Elaboration                            *
=========================================================================

Elaborating entity <sklop> (architecture <Behavioral>) from library <work>.

Elaborating entity <freqDivGen> (architecture <Behavioral>) with generics from library <work>.

Elaborating entity <freqDivGen> (architecture <Behavioral>) with generics from library <work>.

Elaborating entity <freqDivGen> (architecture <Behavioral>) with generics from library <work>.
WARNING:HDLCompiler:1127 - "/home/nikola/ZAD11_DvaJohnsonna/sklop.vhd" Line 29: Assignment to clk_o2 ignored, since the identifier is never used
WARNING:HDLCompiler:92 - "/home/nikola/ZAD11_DvaJohnsonna/sklop.vhd" Line 46: clk_o1 should be on the sensitivity list of the process

=========================================================================
*                           HDL Synthesis                               *
=========================================================================

Synthesizing Unit <sklop>.
    Related source file is "/home/nikola/ZAD11_DvaJohnsonna/sklop.vhd".
WARNING:Xst:647 - Input <freqSel2> is never used. This port will be preserved and left unconnected if it belongs to a top-level block or it belongs to a sub-block and the hierarchy of this sub-block is preserved.
WARNING:Xst:647 - Input <ss> is never used. This port will be preserved and left unconnected if it belongs to a top-level block or it belongs to a sub-block and the hierarchy of this sub-block is preserved.
    Found 4-bit register for signal <led2>.
    Found 4-bit register for signal <led1>.
    Found 1-bit 3-to-1 multiplexer for signal <clk_o1> created at line 23.
    Summary:
	inferred   8 D-type flip-flop(s).
	inferred   1 Multiplexer(s).
Unit <sklop> synthesized.

Synthesizing Unit <freqDivGen_1>.
    Related source file is "/home/nikola/ZAD11_DvaJohnsonna/freqDivGen.vhd".
        nfCLK = 12500000
    Found 1-bit register for signal <clk_o>.
    Found 23-bit register for signal <temp>.
    Found 23-bit adder for signal <temp[22]_GND_6_o_add_0_OUT> created at line 24.
    Found 23-bit comparator greater for signal <n0001> created at line 25
    Summary:
	inferred   1 Adder/Subtractor(s).
	inferred  24 D-type flip-flop(s).
	inferred   1 Comparator(s).
Unit <freqDivGen_1> synthesized.

Synthesizing Unit <freqDivGen_2>.
    Related source file is "/home/nikola/ZAD11_DvaJohnsonna/freqDivGen.vhd".
        nfCLK = 20000000
    Found 1-bit register for signal <clk_o>.
    Found 24-bit register for signal <temp>.
    Found 24-bit adder for signal <temp[23]_GND_7_o_add_0_OUT> created at line 24.
    Found 24-bit comparator greater for signal <n0001> created at line 25
    Summary:
	inferred   1 Adder/Subtractor(s).
	inferred  25 D-type flip-flop(s).
	inferred   1 Comparator(s).
Unit <freqDivGen_2> synthesized.

Synthesizing Unit <freqDivGen_3>.
    Related source file is "/home/nikola/ZAD11_DvaJohnsonna/freqDivGen.vhd".
        nfCLK = 4
    Found 1-bit register for signal <clk_o>.
    Found 2-bit register for signal <temp>.
    Found 2-bit adder for signal <temp[1]_GND_8_o_add_0_OUT> created at line 24.
    Found 2-bit comparator greater for signal <n0001> created at line 25
    Summary:
	inferred   1 Adder/Subtractor(s).
	inferred   3 D-type flip-flop(s).
	inferred   1 Comparator(s).
Unit <freqDivGen_3> synthesized.

=========================================================================
HDL Synthesis Report

Macro Statistics
# Adders/Subtractors                                   : 3
 2-bit adder                                           : 1
 23-bit adder                                          : 1
 24-bit adder                                          : 1
# Registers                                            : 8
 1-bit register                                        : 3
 2-bit register                                        : 1
 23-bit register                                       : 1
 24-bit register                                       : 1
 4-bit register                                        : 2
# Comparators                                          : 3
 2-bit comparator greater                              : 1
 23-bit comparator greater                             : 1
 24-bit comparator greater                             : 1
# Multiplexers                                         : 1
 1-bit 3-to-1 multiplexer                              : 1

=========================================================================

=========================================================================
*                       Advanced HDL Synthesis                          *
=========================================================================


Synthesizing (advanced) Unit <freqDivGen_1>.
The following registers are absorbed into counter <temp>: 1 register on signal <temp>.
Unit <freqDivGen_1> synthesized (advanced).

Synthesizing (advanced) Unit <freqDivGen_2>.
The following registers are absorbed into counter <temp>: 1 register on signal <temp>.
Unit <freqDivGen_2> synthesized (advanced).

Synthesizing (advanced) Unit <freqDivGen_3>.
The following registers are absorbed into counter <temp>: 1 register on signal <temp>.
Unit <freqDivGen_3> synthesized (advanced).

=========================================================================
Advanced HDL Synthesis Report

Macro Statistics
# Adders/Subtractors                                   : 3
 2-bit adder                                           : 1
 23-bit adder                                          : 1
 24-bit adder                                          : 1
# Counters                                             : 3
 2-bit up counter                                      : 1
 23-bit up counter                                     : 1
 24-bit up counter                                     : 1
# Registers                                            : 11
 Flip-Flops                                            : 11
# Comparators                                          : 3
 2-bit comparator greater                              : 1
 23-bit comparator greater                             : 1
 24-bit comparator greater                             : 1
# Multiplexers                                         : 1
 1-bit 3-to-1 multiplexer                              : 1

=========================================================================

=========================================================================
*                         Low Level Synthesis                           *
=========================================================================

Optimizing unit <sklop> ...

Mapping all equations...
Building and optimizing final netlist ...
Found area constraint ratio of 100 (+ 5) on block sklop, actual ratio is 1.

Final Macro Processing ...

=========================================================================
Final Register Report

Macro Statistics
# Registers                                            : 60
 Flip-Flops                                            : 60

=========================================================================

=========================================================================
*                           Partition Report                            *
=========================================================================

Partition Implementation Status
-------------------------------

  No Partitions were found in this design.

-------------------------------

=========================================================================
*                            Design Summary                             *
=========================================================================

Top Level Output File Name         : sklop.ngc

Primitive and Black Box Usage:
------------------------------
# BELS                             : 342
#      GND                         : 1
#      INV                         : 7
#      LUT1                        : 90
#      LUT2                        : 51
#      LUT3                        : 2
#      LUT4                        : 1
#      LUT5                        : 4
#      LUT6                        : 11
#      MUXCY                       : 90
#      MUXF7                       : 1
#      VCC                         : 1
#      XORCY                       : 83
# FlipFlops/Latches                : 60
#      FD                          : 48
#      FDC                         : 8
#      FDE                         : 2
#      FDR                         : 2
# Clock Buffers                    : 1
#      BUFGP                       : 1
# IO Buffers                       : 11
#      IBUF                        : 3
#      OBUF                        : 8

Device utilization summary:
---------------------------

Selected Device : 6slx16csg324-3 


Slice Logic Utilization: 
 Number of Slice Registers:              60  out of  18224     0%  
 Number of Slice LUTs:                  166  out of   9112     1%  
    Number used as Logic:               166  out of   9112     1%  

Slice Logic Distribution: 
 Number of LUT Flip Flop pairs used:    172
   Number with an unused Flip Flop:     112  out of    172    65%  
   Number with an unused LUT:             6  out of    172     3%  
   Number of fully used LUT-FF pairs:    54  out of    172    31%  
   Number of unique control sets:         6

IO Utilization: 
 Number of IOs:                          15
 Number of bonded IOBs:                  12  out of    232     5%  

Specific Feature Utilization:
 Number of BUFG/BUFGCTRLs:                1  out of     16     6%  

---------------------------
Partition Resource Summary:
---------------------------

  No Partitions were found in this design.

---------------------------


=========================================================================
Timing Report

NOTE: THESE TIMING NUMBERS ARE ONLY A SYNTHESIS ESTIMATE.
      FOR ACCURATE TIMING INFORMATION PLEASE REFER TO THE TRACE REPORT
      GENERATED AFTER PLACE-and-ROUTE.

Clock Information:
------------------
-----------------------------------+------------------------+-------+
Clock Signal                       | Clock buffer(FF name)  | Load  |
-----------------------------------+------------------------+-------+
clk_o1(Mmux_clk_o111:O)            | NONE(*)(led2_0)        | 8     |
clk                                | BUFGP                  | 49    |
a1/clk_o                           | NONE(a3/temp_0)        | 3     |
-----------------------------------+------------------------+-------+
(*) This 1 clock signal(s) are generated by combinatorial logic,
and XST is not able to identify which are the primary clock signals.
Please use the CLOCK_SIGNAL constraint to specify the clock signal(s) generated by combinatorial logic.
INFO:Xst:2169 - HDL ADVISOR - Some clock signals were not automatically buffered by XST with BUFG/BUFR resources. Please use the buffer_type constraint in order to insert these buffers to the clock signals to help prevent skew problems.

Asynchronous Control Signals Information:
----------------------------------------
No asynchronous control signals found in this design

Timing Summary:
---------------
Speed Grade: -3

   Minimum period: 5.665ns (Maximum Frequency: 176.510MHz)
   Minimum input arrival time before clock: 2.454ns
   Maximum output required time after clock: 3.634ns
   Maximum combinational path delay: No path found

Timing Details:
---------------
All values displayed in nanoseconds (ns)

=========================================================================
Timing constraint: Default period analysis for Clock 'clk_o1'
  Clock period: 1.950ns (frequency: 512.794MHz)
  Total number of paths / destination ports: 8 / 8
-------------------------------------------------------------------------
Delay:               1.950ns (Levels of Logic = 1)
  Source:            led2_3 (FF)
  Destination:       led2_0 (FF)
  Source Clock:      clk_o1 rising
  Destination Clock: clk_o1 rising

  Data Path: led2_3 to led2_0
                                Gate     Net
    Cell:in->out      fanout   Delay   Delay  Logical Name (Net Name)
    ----------------------------------------  ------------
     FDC:C->Q              2   0.447   0.616  led2_3 (led2_3)
     INV:I->O              1   0.206   0.579  led2[3]_INV_5_o1_INV_0 (led2[3]_INV_5_o)
     FDC:D                     0.102          led2_0
    ----------------------------------------
    Total                      1.950ns (0.755ns logic, 1.195ns route)
                                       (38.7% logic, 61.3% route)

=========================================================================
Timing constraint: Default period analysis for Clock 'clk'
  Clock period: 5.665ns (frequency: 176.510MHz)
  Total number of paths / destination ports: 13910 / 51
-------------------------------------------------------------------------
Delay:               5.665ns (Levels of Logic = 10)
  Source:            a1/temp_0 (FF)
  Destination:       a1/temp_0 (FF)
  Source Clock:      clk rising
  Destination Clock: clk rising

  Data Path: a1/temp_0 to a1/temp_0
                                Gate     Net
    Cell:in->out      fanout   Delay   Delay  Logical Name (Net Name)
    ----------------------------------------  ------------
     FD:C->Q               2   0.447   0.616  a1/temp_0 (a1/temp_0)
     INV:I->O              1   0.206   0.000  a1/Madd_temp[22]_GND_6_o_add_0_OUT_lut<0>_INV_0 (a1/Madd_temp[22]_GND_6_o_add_0_OUT_lut<0>)
     MUXCY:S->O            1   0.172   0.000  a1/Madd_temp[22]_GND_6_o_add_0_OUT_cy<0> (a1/Madd_temp[22]_GND_6_o_add_0_OUT_cy<0>)
     MUXCY:CI->O           1   0.019   0.000  a1/Madd_temp[22]_GND_6_o_add_0_OUT_cy<1> (a1/Madd_temp[22]_GND_6_o_add_0_OUT_cy<1>)
     MUXCY:CI->O           1   0.019   0.000  a1/Madd_temp[22]_GND_6_o_add_0_OUT_cy<2> (a1/Madd_temp[22]_GND_6_o_add_0_OUT_cy<2>)
     MUXCY:CI->O           1   0.019   0.000  a1/Madd_temp[22]_GND_6_o_add_0_OUT_cy<3> (a1/Madd_temp[22]_GND_6_o_add_0_OUT_cy<3>)
     XORCY:CI->O           2   0.180   0.961  a1/Madd_temp[22]_GND_6_o_add_0_OUT_xor<4> (a1/temp[22]_GND_6_o_add_0_OUT<4>)
     LUT5:I0->O            1   0.203   0.580  a1/n0001_inv2 (a1/n0001_inv2)
     LUT6:I5->O            2   0.205   0.617  a1/n0001_inv3 (a1/n0001_inv3)
     LUT6:I5->O           12   0.205   0.909  a1/n0001_inv4 (a1/n0001_inv)
     LUT2:I1->O            1   0.205   0.000  a1/temp_0_rstpot (a1/temp_0_rstpot)
     FD:D                      0.102          a1/temp_0
    ----------------------------------------
    Total                      5.665ns (1.982ns logic, 3.683ns route)
                                       (35.0% logic, 65.0% route)

=========================================================================
Timing constraint: Default period analysis for Clock 'a1/clk_o'
  Clock period: 2.452ns (frequency: 407.913MHz)
  Total number of paths / destination ports: 10 / 5
-------------------------------------------------------------------------
Delay:               2.452ns (Levels of Logic = 1)
  Source:            a3/temp_1 (FF)
  Destination:       a3/temp_0 (FF)
  Source Clock:      a1/clk_o rising
  Destination Clock: a1/clk_o rising

  Data Path: a3/temp_1 to a3/temp_0
                                Gate     Net
    Cell:in->out      fanout   Delay   Delay  Logical Name (Net Name)
    ----------------------------------------  ------------
     FDR:C->Q              2   0.447   0.721  a3/temp_1 (a3/temp_1)
     LUT2:I0->O            3   0.203   0.650  Result<1>21 (Result<1>2)
     FDR:R                     0.430          a3/temp_0
    ----------------------------------------
    Total                      2.452ns (1.080ns logic, 1.372ns route)
                                       (44.1% logic, 55.9% route)

=========================================================================
Timing constraint: Default OFFSET IN BEFORE for Clock 'clk_o1'
  Total number of paths / destination ports: 8 / 8
-------------------------------------------------------------------------
Offset:              2.454ns (Levels of Logic = 1)
  Source:            rst (PAD)
  Destination:       led2_0 (FF)
  Destination Clock: clk_o1 rising

  Data Path: rst to led2_0
                                Gate     Net
    Cell:in->out      fanout   Delay   Delay  Logical Name (Net Name)
    ----------------------------------------  ------------
     IBUF:I->O             8   1.222   0.802  rst_IBUF (rst_IBUF)
     FDC:CLR                   0.430          led2_0
    ----------------------------------------
    Total                      2.454ns (1.652ns logic, 0.802ns route)
                                       (67.3% logic, 32.7% route)

=========================================================================
Timing constraint: Default OFFSET OUT AFTER for Clock 'clk_o1'
  Total number of paths / destination ports: 8 / 8
-------------------------------------------------------------------------
Offset:              3.634ns (Levels of Logic = 1)
  Source:            led1_3 (FF)
  Destination:       led1<3> (PAD)
  Source Clock:      clk_o1 rising

  Data Path: led1_3 to led1<3>
                                Gate     Net
    Cell:in->out      fanout   Delay   Delay  Logical Name (Net Name)
    ----------------------------------------  ------------
     FDC:C->Q              2   0.447   0.616  led1_3 (led1_3)
     OBUF:I->O                 2.571          led1_3_OBUF (led1<3>)
    ----------------------------------------
    Total                      3.634ns (3.018ns logic, 0.616ns route)
                                       (83.0% logic, 17.0% route)

=========================================================================

Cross Clock Domains Report:
--------------------------

Clock to Setup on destination clock a1/clk_o
---------------+---------+---------+---------+---------+
               | Src:Rise| Src:Fall| Src:Rise| Src:Fall|
Source Clock   |Dest:Rise|Dest:Rise|Dest:Fall|Dest:Fall|
---------------+---------+---------+---------+---------+
a1/clk_o       |    2.452|         |         |         |
---------------+---------+---------+---------+---------+

Clock to Setup on destination clock clk
---------------+---------+---------+---------+---------+
               | Src:Rise| Src:Fall| Src:Rise| Src:Fall|
Source Clock   |Dest:Rise|Dest:Rise|Dest:Fall|Dest:Fall|
---------------+---------+---------+---------+---------+
clk            |    5.665|         |         |         |
---------------+---------+---------+---------+---------+

Clock to Setup on destination clock clk_o1
---------------+---------+---------+---------+---------+
               | Src:Rise| Src:Fall| Src:Rise| Src:Fall|
Source Clock   |Dest:Rise|Dest:Rise|Dest:Fall|Dest:Fall|
---------------+---------+---------+---------+---------+
clk_o1         |    1.950|         |         |         |
---------------+---------+---------+---------+---------+

=========================================================================


Total REAL time to Xst completion: 4.00 secs
Total CPU time to Xst completion: 3.61 secs
 
--> 


Total memory usage is 375628 kilobytes

Number of errors   :    0 (   0 filtered)
Number of warnings :    4 (   0 filtered)
Number of infos    :    1 (   0 filtered)

